<?xml version="1.0" encoding="UTF-8"?>
<!-- Generated by org.testng.reporters.JUnitXMLReporter -->
<testsuite ignored="0" hostname="TYSS-Manoj" failures="1" tests="1" name="Create GitHub Repository" time="0.056" errors="0" timestamp="2024-05-25T14:42:31 IST">
  <testcase classname="gitHubRepositoryAPITestCase.TC001_Create_GitHub_Repository" name="CraeteTheRepository" time="0.009">
    <failure type="java.lang.NullPointerException" message="Cannot invoke &amp;quot;java.util.Properties.getProperty(String)&amp;quot; because &amp;quot;this.prop&amp;quot; is null">
      <![CDATA[java.lang.NullPointerException: Cannot invoke "java.util.Properties.getProperty(String)" because "this.prop" is null
at gitHubRepositoryAPITestCase.TC001_Create_GitHub_Repository.CraeteTheRepository(TC001_Create_GitHub_Repository.java:58)
at java.base/java.util.ArrayList.forEach(ArrayList.java:1511)
... Removed 27 stack frames]]>
    </failure>
  </testcase> <!-- CraeteTheRepository -->
</testsuite> <!-- Create GitHub Repository -->
