<?xml version="1.0" encoding="UTF-8"?>
<!-- Generated by org.testng.reporters.JUnitXMLReporter -->
<testsuite ignored="0" hostname="TYSS-Manoj" failures="0" tests="2" name="Default test" time="6.459" errors="0" timestamp="2024-05-25T15:59:13 IST">
  <testcase classname="gitHubRepositoryAPITestCase.TC001_Create_GitHub_Repository" name="CraeteTheRepository" time="4.892"/>
  <testcase classname="gitHubRepositoryAPITestCase.TC004_Delete_The_Created_Repository" name="DeleteTheCraetedRepository" time="0.75"/>
</testsuite> <!-- Default test -->
