<?xml version="1.0" encoding="UTF-8"?>
<!-- Generated by org.testng.reporters.JUnitXMLReporter -->
<testsuite ignored="3" hostname="TYSS-Manoj" failures="1" tests="1" name="GitHub Repository Test" time="0.215" errors="0" timestamp="2024-05-25T13:29:32 IST">
  <testcase classname="gitHubRepositoryAPITestCase.TC001_Create_GitHub_Repository" name="CraeteTheRepository" time="0.005">
    <failure type="java.lang.NullPointerException" message="Cannot invoke &amp;quot;java.util.Properties.getProperty(String)&amp;quot; because &amp;quot;this.prop&amp;quot; is null">
      <![CDATA[java.lang.NullPointerException: Cannot invoke "java.util.Properties.getProperty(String)" because "this.prop" is null
at gitHubRepositoryAPITestCase.TC001_Create_GitHub_Repository.CraeteTheRepository(TC001_Create_GitHub_Repository.java:58)
at java.base/java.util.ArrayList.forEach(ArrayList.java:1511)
... Removed 27 stack frames]]>
    </failure>
  </testcase> <!-- CraeteTheRepository -->
  <testcase classname="gitHubRepositoryAPITestCase.TC003_Update_The_Created_Repository" name="UpdateTheCraetedRepository" time="0.0">
    <ignored/>
  </testcase> <!-- UpdateTheCraetedRepository -->
  <testcase classname="gitHubRepositoryAPITestCase.TC004_Delete_The_Created_Repository" name="DeleteTheCraetedRepository" time="0.0">
    <ignored/>
  </testcase> <!-- DeleteTheCraetedRepository -->
  <testcase classname="gitHubRepositoryAPITestCase.TC002_Get_The_Created_Repository" name="GetTheCraetedRepository" time="0.0">
    <ignored/>
  </testcase> <!-- GetTheCraetedRepository -->
</testsuite> <!-- GitHub Repository Test -->
