<?xml version="1.0" encoding="UTF-8"?>
<testsuite xmlns:xsi="http://www.w3.org/2001/XMLSchema-instance" xsi:noNamespaceSchemaLocation="https://maven.apache.org/surefire/maven-surefire-plugin/xsd/surefire-test-report-3.0.xsd" version="3.0" name="TestSuite" time="11.792" tests="4" errors="0" skipped="0" failures="0">
  <properties>
[...]
</properties>
  <testcase name="CraeteTheRepository" classname="gitHubRepositoryAPITestCase.TC001_Create_GitHub_Repository" time="6.305">
    <system-out><![CDATA[2024-05-25 16:18:01,247 - GitHubRestAPI - INFO - ************** Started TC001 Create GitHub Repository **************
2024-05-25 16:18:01,875 - GitHubRestAPI - INFO - ************** Executing The Crate Repository API Request **************
2024-05-25 16:18:08,100 - GitHubRestAPI - INFO - ************** Checking Status Code **************
2024-05-25 16:18:08,100 - GitHubRestAPI - INFO - The Status Code Is ==> 201
2024-05-25 16:18:08,100 - GitHubRestAPI - INFO - ************** Checking Status Line **************
2024-05-25 16:18:08,100 - GitHubRestAPI - INFO - The Status Line Is ==> HTTP/1.1 201 Created
2024-05-25 16:18:08,128 - GitHubRestAPI - INFO - ************** Checking Respons Time **************
2024-05-25 16:18:08,128 - GitHubRestAPI - INFO - The Time Taken To Create Repository Is ==> 4000Milliseconds
2024-05-25 16:18:08,128 - GitHubRestAPI - INFO - ************** Checking Repository Name **************
2024-05-25 16:18:08,128 - GitHubRestAPI - INFO - The Repository Name is ==> Test946
2024-05-25 16:18:08,133 - GitHubRestAPI - INFO - ************** Checking Repository Description **************
2024-05-25 16:18:08,134 - GitHubRestAPI - INFO - The Repository Description is ==> This Is For Testingbsk
2024-05-25 16:18:08,135 - GitHubRestAPI - INFO - ************** Checking Repository Is In Privat **************
2024-05-25 16:18:08,135 - GitHubRestAPI - INFO - The Repository Is In Private ==> true
]]></system-out>
    <system-err><![CDATA[log4j:ERROR Could not find value for key log4j.appender.WARN
log4j:ERROR Could not instantiate appender named "WARN".
log4j:WARN No such property [locationINFO] in org.apache.log4j.HTMLLayout.
]]></system-err>
  </testcase>
  <testcase name="GetTheCraetedRepository" classname="gitHubRepositoryAPITestCase.TC002_Get_The_Created_Repository" time="0.8">
    <system-out><![CDATA[2024-05-25 16:18:08,199 - GitHubRestAPI - INFO - ************** Finished TC001 Create GitHub Repository **************
2024-05-25 16:18:08,234 - GitHubRestAPI - INFO - ************** Started TC002 Get The Created GitHub Repository **************
2024-05-25 16:18:08,234 - GitHubRestAPI - INFO - ************** Successfully Created GitHub Repository **************
2024-05-25 16:18:08,239 - GitHubRestAPI - INFO - ************** Executing The Get Repository API Request **************
2024-05-25 16:18:09,018 - GitHubRestAPI - INFO - ************** Checking Status Code **************
2024-05-25 16:18:09,018 - GitHubRestAPI - INFO - The Status Code Is ==> 200
2024-05-25 16:18:09,018 - GitHubRestAPI - INFO - ************** Checking Status Line **************
2024-05-25 16:18:09,018 - GitHubRestAPI - INFO - The Status Line Is ==> HTTP/1.1 200 OK
2024-05-25 16:18:09,018 - GitHubRestAPI - INFO - ************** Checking Respons Time **************
2024-05-25 16:18:09,018 - GitHubRestAPI - INFO - The Time Taken To Create Repository Is ==> 4000Milliseconds
2024-05-25 16:18:09,018 - GitHubRestAPI - INFO - ************** Checking Repository Name **************
2024-05-25 16:18:09,018 - GitHubRestAPI - INFO - The Repository Name is ==> Test946
2024-05-25 16:18:09,018 - GitHubRestAPI - INFO - ************** Checking Repository Description **************
2024-05-25 16:18:09,018 - GitHubRestAPI - INFO - The Repository Description is ==> This Is For Testingbsk
2024-05-25 16:18:09,018 - GitHubRestAPI - INFO - ************** Checking Repository Is In Privat **************
2024-05-25 16:18:09,034 - GitHubRestAPI - INFO - The Repository Is In Private ==> true
]]></system-out>
    <system-err><![CDATA[log4j:ERROR Could not find value for key log4j.appender.WARN
log4j:ERROR Could not instantiate appender named "WARN".
log4j:WARN No such property [locationINFO] in org.apache.log4j.HTMLLayout.
]]></system-err>
  </testcase>
  <testcase name="UpdateTheCraetedRepository" classname="gitHubRepositoryAPITestCase.TC003_Update_The_Created_Repository" time="1.419">
    <system-out><![CDATA[2024-05-25 16:18:09,034 - GitHubRestAPI - INFO - ************** Finished TC002 Getting GitHub Repository **************
2024-05-25 16:18:09,034 - GitHubRestAPI - INFO - ************** Started TC003 Update The Created GitHub Repository **************
2024-05-25 16:18:09,034 - GitHubRestAPI - INFO - ************** Successfully Created GitHub Repository **************
2024-05-25 16:18:09,097 - GitHubRestAPI - INFO - ************** Executing The Update Repository API Request **************
2024-05-25 16:18:10,481 - GitHubRestAPI - INFO - ************** Checking Status Code **************
2024-05-25 16:18:10,481 - GitHubRestAPI - INFO - The Status Code Is ==> 200
2024-05-25 16:18:10,481 - GitHubRestAPI - INFO - ************** Checking Status Line **************
2024-05-25 16:18:10,481 - GitHubRestAPI - INFO - The Status Line Is ==> HTTP/1.1 200 OK
2024-05-25 16:18:10,481 - GitHubRestAPI - INFO - ************** Checking Respons Time **************
2024-05-25 16:18:10,481 - GitHubRestAPI - INFO - The Time Taken To Create Repository Is ==> 4000Milliseconds
2024-05-25 16:18:10,481 - GitHubRestAPI - INFO - ************** Checking Repository Name **************
2024-05-25 16:18:10,481 - GitHubRestAPI - INFO - The Repository Name is ==> Test248
2024-05-25 16:18:10,481 - GitHubRestAPI - INFO - ************** Checking Repository Description **************
2024-05-25 16:18:10,481 - GitHubRestAPI - INFO - The Repository Description is ==> This Is For TestingflM
2024-05-25 16:18:10,481 - GitHubRestAPI - INFO - ************** Checking Repository Is In Privat **************
2024-05-25 16:18:10,481 - GitHubRestAPI - INFO - The Repository Is In Private ==> true
]]></system-out>
    <system-err><![CDATA[log4j:ERROR Could not find value for key log4j.appender.WARN
log4j:ERROR Could not instantiate appender named "WARN".
log4j:WARN No such property [locationINFO] in org.apache.log4j.HTMLLayout.
]]></system-err>
  </testcase>
  <testcase name="DeleteTheCraetedRepository" classname="gitHubRepositoryAPITestCase.TC004_Delete_The_Created_Repository" time="0.663">
    <system-out><![CDATA[2024-05-25 16:18:10,481 - GitHubRestAPI - INFO - ************** Finished TC003 Updated GitHub Repository **************
2024-05-25 16:18:10,498 - GitHubRestAPI - INFO - ************** Started TC004 Delete The Created GitHub Repository **************
2024-05-25 16:18:10,498 - GitHubRestAPI - INFO - ************** Successfully Created GitHub Repository **************
2024-05-25 16:18:10,498 - GitHubRestAPI - INFO - ************** Executing The Get Repository API Request **************
HTTP/1.1 204 No Content
Server: GitHub.com
Date: Sat, 25 May 2024 10:48:12 GMT
X-OAuth-Scopes: admin:enterprise, admin:gpg_key, admin:org, admin:org_hook, admin:public_key, admin:repo_hook, admin:ssh_signing_key, audit_log, codespace, copilot, delete:packages, delete_repo, gist, notifications, project, repo, user, workflow, write:discussion, write:packages
X-Accepted-OAuth-Scopes: 
github-authentication-token-expiration: 2024-06-24 10:26:51 UTC
X-GitHub-Media-Type: github.v3; format=json
x-github-api-version-selected: 2022-11-28
X-RateLimit-Limit: 5000
X-RateLimit-Remaining: 4980
X-RateLimit-Reset: 1716636439
X-RateLimit-Used: 20
X-RateLimit-Resource: core
Access-Control-Expose-Headers: ETag, Link, Location, Retry-After, X-GitHub-OTP, X-RateLimit-Limit, X-RateLimit-Remaining, X-RateLimit-Used, X-RateLimit-Resource, X-RateLimit-Reset, X-OAuth-Scopes, X-Accepted-OAuth-Scopes, X-Poll-Interval, X-GitHub-Media-Type, X-GitHub-SSO, X-GitHub-Request-Id, Deprecation, Sunset
Access-Control-Allow-Origin: *
Strict-Transport-Security: max-age=31536000; includeSubdomains; preload
X-Frame-Options: deny
X-Content-Type-Options: nosniff
X-XSS-Protection: 0
Referrer-Policy: origin-when-cross-origin, strict-origin-when-cross-origin
Content-Security-Policy: default-src 'none'
Vary: Accept-Encoding, Accept, X-Requested-With
X-GitHub-Request-Id: FCBB:89D40:12CD504:131ABD0:6651C1EB
2024-05-25 16:18:11,172 - GitHubRestAPI - INFO - ************** Checking Status Code **************
2024-05-25 16:18:11,172 - GitHubRestAPI - INFO - The Status Code Is ==> 204
2024-05-25 16:18:11,172 - GitHubRestAPI - INFO - ************** Checking Status Line **************
2024-05-25 16:18:11,172 - GitHubRestAPI - INFO - The Status Line Is ==> HTTP/1.1 204 No Content
2024-05-25 16:18:11,172 - GitHubRestAPI - INFO - ************** Checking Respons Time **************
2024-05-25 16:18:11,172 - GitHubRestAPI - INFO - The Time Taken To Create Repository Is ==> 4000Milliseconds
]]></system-out>
    <system-err><![CDATA[log4j:ERROR Could not find value for key log4j.appender.WARN
log4j:ERROR Could not instantiate appender named "WARN".
log4j:WARN No such property [locationINFO] in org.apache.log4j.HTMLLayout.
]]></system-err>
  </testcase>
</testsuite>