<?xml version="1.0" encoding="UTF-8"?>
<testng-results ignored="0" total="2" passed="2" failed="0" skipped="0">
  <reporter-output>
  </reporter-output>
  <suite started-at="2024-05-25T16:22:04 IST" name="Get Created Repository Suite" finished-at="2024-05-25T16:22:12 IST" duration-ms="7439">
    <groups>
    </groups>
    <test started-at="2024-05-25T16:22:04 IST" name="Test" finished-at="2024-05-25T16:22:12 IST" duration-ms="7439">
      <class name="gitHubRepositoryAPITestCase.TC002_Get_The_Created_Repository">
        <test-method is-config="true" signature="setUp()[pri:0, instance:gitHubRepositoryAPITestCase.TC002_Get_The_Created_Repository@d9345cd]" started-at="2024-05-25T16:22:11 IST" name="setUp" finished-at="2024-05-25T16:22:11 IST" duration-ms="7" status="PASS">
          <reporter-output>
          </reporter-output>
        </test-method> <!-- setUp -->
        <test-method signature="GetTheCraetedRepository()[pri:0, instance:gitHubRepositoryAPITestCase.TC002_Get_The_Created_Repository@d9345cd]" started-at="2024-05-25T16:22:11 IST" name="GetTheCraetedRepository" finished-at="2024-05-25T16:22:12 IST" depends-on-methods="gitHubRepositoryAPITestCase.TC001_Create_GitHub_Repository.CraeteTheRepository" duration-ms="718" status="PASS">
          <reporter-output>
          </reporter-output>
        </test-method> <!-- GetTheCraetedRepository -->
        <test-method is-config="true" signature="TearDown()[pri:0, instance:gitHubRepositoryAPITestCase.TC002_Get_The_Created_Repository@d9345cd]" started-at="2024-05-25T16:22:12 IST" name="TearDown" finished-at="2024-05-25T16:22:12 IST" duration-ms="0" status="PASS">
          <reporter-output>
          </reporter-output>
        </test-method> <!-- TearDown -->
      </class> <!-- gitHubRepositoryAPITestCase.TC002_Get_The_Created_Repository -->
      <class name="gitHubRepositoryAPITestCase.TC001_Create_GitHub_Repository">
        <test-method is-config="true" signature="setUp()[pri:0, instance:gitHubRepositoryAPITestCase.TC001_Create_GitHub_Repository@27f981c6]" started-at="2024-05-25T16:22:04 IST" name="setUp" finished-at="2024-05-25T16:22:05 IST" duration-ms="213" status="PASS">
          <reporter-output>
          </reporter-output>
        </test-method> <!-- setUp -->
        <test-method is-config="true" signature="Postdata()[pri:0, instance:gitHubRepositoryAPITestCase.TC001_Create_GitHub_Repository@27f981c6]" started-at="2024-05-25T16:22:05 IST" name="Postdata" finished-at="2024-05-25T16:22:05 IST" duration-ms="705" status="PASS">
          <reporter-output>
          </reporter-output>
        </test-method> <!-- Postdata -->
        <test-method signature="CraeteTheRepository()[pri:0, instance:gitHubRepositoryAPITestCase.TC001_Create_GitHub_Repository@27f981c6]" started-at="2024-05-25T16:22:05 IST" name="CraeteTheRepository" finished-at="2024-05-25T16:22:11 IST" duration-ms="5721" status="PASS">
          <reporter-output>
          </reporter-output>
        </test-method> <!-- CraeteTheRepository -->
        <test-method is-config="true" signature="TearDown()[pri:0, instance:gitHubRepositoryAPITestCase.TC001_Create_GitHub_Repository@27f981c6]" started-at="2024-05-25T16:22:11 IST" name="TearDown" finished-at="2024-05-25T16:22:11 IST" duration-ms="4" status="PASS">
          <reporter-output>
          </reporter-output>
        </test-method> <!-- TearDown -->
      </class> <!-- gitHubRepositoryAPITestCase.TC001_Create_GitHub_Repository -->
    </test> <!-- Test -->
  </suite> <!-- Get Created Repository Suite -->
</testng-results>
