<?xml version="1.0" encoding="UTF-8"?>
<!-- Generated by org.testng.reporters.JUnitXMLReporter -->
<testsuite ignored="0" hostname="TYSS-Manoj" failures="0" tests="4" name="Created Repository" time="10.229" errors="0" timestamp="2024-05-25T16:18:11 IST">
  <testcase classname="gitHubRepositoryAPITestCase.TC001_Create_GitHub_Repository" name="CraeteTheRepository" time="6.289"/>
  <testcase classname="gitHubRepositoryAPITestCase.TC002_Get_The_Created_Repository" name="GetTheCraetedRepository" time="0.8"/>
  <testcase classname="gitHubRepositoryAPITestCase.TC003_Update_The_Created_Repository" name="UpdateTheCraetedRepository" time="1.428"/>
  <testcase classname="gitHubRepositoryAPITestCase.TC004_Delete_The_Created_Repository" name="DeleteTheCraetedRepository" time="0.674"/>
</testsuite> <!-- Created Repository -->
