<?xml version="1.0" encoding="UTF-8"?>
<!-- Generated by org.testng.reporters.JUnitXMLReporter -->
<testsuite ignored="0" hostname="TYSS-Manoj" failures="0" tests="2" name="Test" time="7.609" errors="0" timestamp="2024-05-25T16:21:52 IST">
  <testcase classname="gitHubRepositoryAPITestCase.TC001_Create_GitHub_Repository" name="CraeteTheRepository" time="5.467"/>
  <testcase classname="gitHubRepositoryAPITestCase.TC003_Update_The_Created_Repository" name="UpdateTheCraetedRepository" time="1.342"/>
</testsuite> <!-- Test -->
