<?xml version="1.0" encoding="UTF-8"?>
<!-- Generated by org.testng.reporters.JUnitXMLReporter -->
<testsuite ignored="0" hostname="TYSS-Manoj" failures="0" tests="4" name="Created Repository" time="11.648" errors="0" timestamp="2024-05-25T16:16:27 IST">
  <testcase classname="gitHubRepositoryAPITestCase.TC001_Create_GitHub_Repository" name="CraeteTheRepository" time="7.013"/>
  <testcase classname="gitHubRepositoryAPITestCase.TC002_Get_The_Created_Repository" name="GetTheCraetedRepository" time="0.971"/>
  <testcase classname="gitHubRepositoryAPITestCase.TC003_Update_The_Created_Repository" name="UpdateTheCraetedRepository" time="1.239"/>
  <testcase classname="gitHubRepositoryAPITestCase.TC004_Delete_The_Created_Repository" name="DeleteTheCraetedRepository" time="0.826"/>
</testsuite> <!-- Created Repository -->
