<?xml version="1.0" encoding="UTF-8"?>
<!-- Generated by org.testng.reporters.JUnitXMLReporter -->
<testsuite ignored="0" hostname="TYSS-Manoj" failures="0" tests="2" name="Test" time="7.439" errors="0" timestamp="2024-05-25T16:22:12 IST">
  <testcase classname="gitHubRepositoryAPITestCase.TC001_Create_GitHub_Repository" name="CraeteTheRepository" time="5.721"/>
  <testcase classname="gitHubRepositoryAPITestCase.TC002_Get_The_Created_Repository" name="GetTheCraetedRepository" time="0.718"/>
</testsuite> <!-- Test -->
